\BOOKMARK [0][-]{chapter.1}{\376\377\000c\000o\000n\000t\000r\000o\000l\000l\000e\000r\000s\000\040\000p\000a\000c\000k\000a\000g\000e}{}% 1
\BOOKMARK [1][-]{section.1.1}{\376\377\000a\000d\000m\000i\000n\000\137\000c\000o\000n\000t\000r\000o\000l\000l\000e\000r\000\040\000m\000o\000d\000u\000l\000e}{chapter.1}% 2
\BOOKMARK [1][-]{section.1.2}{\376\377\000a\000l\000a\000r\000m\000\137\000c\000o\000n\000t\000r\000o\000l\000l\000e\000r\000\040\000m\000o\000d\000u\000l\000e}{chapter.1}% 3
\BOOKMARK [1][-]{section.1.3}{\376\377\000f\000a\000m\000i\000l\000y\000\137\000c\000o\000n\000t\000r\000o\000l\000l\000e\000r\000\040\000m\000o\000d\000u\000l\000e}{chapter.1}% 4
\BOOKMARK [1][-]{section.1.4}{\376\377\000h\000a\000n\000d\000l\000e\000r\000\040\000m\000o\000d\000u\000l\000e}{chapter.1}% 5
\BOOKMARK [1][-]{section.1.5}{\376\377\000m\000a\000c\000h\000i\000n\000e\000\137\000c\000o\000n\000t\000r\000o\000l\000l\000e\000r\000\040\000m\000o\000d\000u\000l\000e}{chapter.1}% 6
\BOOKMARK [1][-]{section.1.6}{\376\377\000r\000e\000s\000i\000d\000e\000n\000t\000\137\000c\000o\000n\000t\000r\000o\000l\000l\000e\000r\000\040\000m\000o\000d\000u\000l\000e}{chapter.1}% 7
\BOOKMARK [1][-]{section.1.7}{\376\377\000r\000o\000o\000m\000\137\000c\000o\000n\000t\000r\000o\000l\000l\000e\000r\000\040\000m\000o\000d\000u\000l\000e}{chapter.1}% 8
\BOOKMARK [1][-]{section.1.8}{\376\377\000s\000h\000e\000l\000t\000e\000r\000\137\000c\000o\000n\000t\000r\000o\000l\000l\000e\000r\000\040\000m\000o\000d\000u\000l\000e}{chapter.1}% 9
\BOOKMARK [0][-]{chapter.2}{\376\377\000m\000o\000d\000e\000l\000s\000\040\000p\000a\000c\000k\000a\000g\000e}{}% 10
\BOOKMARK [1][-]{section.2.1}{\376\377\000a\000d\000m\000i\000n\000\040\000m\000o\000d\000u\000l\000e}{chapter.2}% 11
\BOOKMARK [1][-]{section.2.2}{\376\377\000a\000l\000a\000r\000m\000\040\000m\000o\000d\000u\000l\000e}{chapter.2}% 12
\BOOKMARK [1][-]{section.2.3}{\376\377\000f\000a\000m\000i\000l\000y\000\040\000m\000o\000d\000u\000l\000e}{chapter.2}% 13
\BOOKMARK [1][-]{section.2.4}{\376\377\000m\000a\000c\000h\000i\000n\000e\000\040\000m\000o\000d\000u\000l\000e}{chapter.2}% 14
\BOOKMARK [1][-]{section.2.5}{\376\377\000r\000e\000s\000i\000d\000e\000n\000t\000\040\000m\000o\000d\000u\000l\000e}{chapter.2}% 15
\BOOKMARK [1][-]{section.2.6}{\376\377\000r\000o\000o\000m\000\040\000m\000o\000d\000u\000l\000e}{chapter.2}% 16
\BOOKMARK [1][-]{section.2.7}{\376\377\000s\000h\000e\000l\000t\000e\000r\000\040\000m\000o\000d\000u\000l\000e}{chapter.2}% 17
\BOOKMARK [0][-]{chapter.3}{\376\377\000m\000y\000s\000q\000l\000\040\000p\000a\000c\000k\000a\000g\000e}{}% 18
\BOOKMARK [1][-]{section.3.1}{\376\377\000a\000d\000m\000i\000n\000\040\000m\000o\000d\000u\000l\000e}{chapter.3}% 19
\BOOKMARK [1][-]{section.3.2}{\376\377\000a\000l\000a\000r\000m\000\040\000m\000o\000d\000u\000l\000e}{chapter.3}% 20
\BOOKMARK [1][-]{section.3.3}{\376\377\000b\000a\000s\000e\000\040\000m\000o\000d\000u\000l\000e}{chapter.3}% 21
\BOOKMARK [1][-]{section.3.4}{\376\377\000f\000a\000m\000i\000l\000y\000\040\000m\000o\000d\000u\000l\000e}{chapter.3}% 22
\BOOKMARK [1][-]{section.3.5}{\376\377\000i\000n\000i\000t\000i\000a\000l\000i\000z\000e\000D\000a\000t\000a\000\040\000m\000o\000d\000u\000l\000e}{chapter.3}% 23
\BOOKMARK [1][-]{section.3.6}{\376\377\000m\000a\000c\000h\000i\000n\000e\000\040\000m\000o\000d\000u\000l\000e}{chapter.3}% 24
\BOOKMARK [1][-]{section.3.7}{\376\377\000m\000y\000s\000q\000l\000\040\000m\000o\000d\000u\000l\000e}{chapter.3}% 25
\BOOKMARK [1][-]{section.3.8}{\376\377\000r\000e\000s\000i\000d\000e\000n\000t\000\040\000m\000o\000d\000u\000l\000e}{chapter.3}% 26
\BOOKMARK [1][-]{section.3.9}{\376\377\000r\000o\000o\000m\000\040\000m\000o\000d\000u\000l\000e}{chapter.3}% 27
\BOOKMARK [1][-]{section.3.10}{\376\377\000s\000h\000e\000l\000t\000e\000r\000\040\000m\000o\000d\000u\000l\000e}{chapter.3}% 28
\BOOKMARK [0][-]{chapter.4}{\376\377\000t\000e\000s\000t\000\040\000p\000a\000c\000k\000a\000g\000e}{}% 29
\BOOKMARK [1][-]{section.4.1}{\376\377\000c\000o\000n\000f\000t\000e\000s\000t\000\040\000m\000o\000d\000u\000l\000e}{chapter.4}% 30
\BOOKMARK [1][-]{section.4.2}{\376\377\000t\000e\000s\000t\000\137\000a\000d\000m\000i\000n\000\040\000m\000o\000d\000u\000l\000e}{chapter.4}% 31
\BOOKMARK [1][-]{section.4.3}{\376\377\000t\000e\000s\000t\000\137\000a\000l\000a\000r\000m\000\040\000m\000o\000d\000u\000l\000e}{chapter.4}% 32
\BOOKMARK [1][-]{section.4.4}{\376\377\000t\000e\000s\000t\000\137\000f\000a\000m\000i\000l\000y\000\040\000m\000o\000d\000u\000l\000e}{chapter.4}% 33
\BOOKMARK [1][-]{section.4.5}{\376\377\000t\000e\000s\000t\000\137\000m\000a\000c\000h\000i\000n\000e\000\040\000m\000o\000d\000u\000l\000e}{chapter.4}% 34
\BOOKMARK [1][-]{section.4.6}{\376\377\000t\000e\000s\000t\000\137\000r\000e\000s\000i\000d\000e\000t\000n\000t\000\040\000m\000o\000d\000u\000l\000e}{chapter.4}% 35
\BOOKMARK [2][-]{subsection.4.6.1}{\376\377\000P\000a\000r\000a\000m\000e\000t\000e\000r\000s\000:}{section.4.6}% 36
\BOOKMARK [2][-]{subsection.4.6.2}{\376\377\000R\000e\000t\000u\000r\000n\000s\000:}{section.4.6}% 37
\BOOKMARK [2][-]{subsection.4.6.3}{\376\377\000P\000a\000r\000a\000m\000e\000t\000e\000r\000s\000:}{section.4.6}% 38
\BOOKMARK [2][-]{subsection.4.6.4}{\376\377\000R\000e\000t\000u\000r\000n\000s\000:}{section.4.6}% 39
\BOOKMARK [2][-]{subsection.4.6.5}{\376\377\000P\000a\000r\000a\000m\000e\000t\000e\000r\000s\000:}{section.4.6}% 40
\BOOKMARK [2][-]{subsection.4.6.6}{\376\377\000R\000e\000t\000u\000r\000n\000s\000:}{section.4.6}% 41
\BOOKMARK [2][-]{subsection.4.6.7}{\376\377\000P\000a\000r\000a\000m\000e\000t\000e\000r\000s\000:}{section.4.6}% 42
\BOOKMARK [2][-]{subsection.4.6.8}{\376\377\000R\000e\000t\000u\000r\000n\000s\000:}{section.4.6}% 43
\BOOKMARK [2][-]{subsection.4.6.9}{\376\377\000P\000a\000r\000a\000m\000e\000t\000e\000r\000s\000:}{section.4.6}% 44
\BOOKMARK [2][-]{subsection.4.6.10}{\376\377\000R\000e\000t\000u\000r\000n\000s\000:}{section.4.6}% 45
\BOOKMARK [2][-]{subsection.4.6.11}{\376\377\000S\000t\000e\000p\000s\000:}{section.4.6}% 46
\BOOKMARK [2][-]{subsection.4.6.12}{\376\377\000P\000a\000r\000a\000m\000e\000t\000e\000r\000s\000:}{section.4.6}% 47
\BOOKMARK [2][-]{subsection.4.6.13}{\376\377\000R\000e\000t\000u\000r\000n\000s\000:}{section.4.6}% 48
\BOOKMARK [2][-]{subsection.4.6.14}{\376\377\000S\000t\000e\000p\000s\000:}{section.4.6}% 49
\BOOKMARK [2][-]{subsection.4.6.15}{\376\377\000P\000a\000r\000a\000m\000e\000t\000e\000r\000s\000:}{section.4.6}% 50
\BOOKMARK [2][-]{subsection.4.6.16}{\376\377\000R\000e\000t\000u\000r\000n\000s\000:}{section.4.6}% 51
\BOOKMARK [2][-]{subsection.4.6.17}{\376\377\000S\000t\000e\000p\000s\000:}{section.4.6}% 52
\BOOKMARK [2][-]{subsection.4.6.18}{\376\377\000P\000a\000r\000a\000m\000e\000t\000e\000r\000s\000:}{section.4.6}% 53
\BOOKMARK [2][-]{subsection.4.6.19}{\376\377\000R\000e\000t\000u\000r\000n\000s\000:}{section.4.6}% 54
\BOOKMARK [1][-]{section.4.7}{\376\377\000t\000e\000s\000t\000\137\000r\000o\000o\000m\000\040\000m\000o\000d\000u\000l\000e}{chapter.4}% 55
\BOOKMARK [1][-]{section.4.8}{\376\377\000t\000e\000s\000t\000\137\000s\000h\000e\000l\000t\000e\000r\000\040\000m\000o\000d\000u\000l\000e}{chapter.4}% 56
\BOOKMARK [0][-]{chapter.5}{\376\377\000I\000n\000d\000i\000c\000e\000s}{}% 57
\BOOKMARK [0][-]{section*.319}{\376\377\000P\000y\000t\000h\000o\000n\000\040\000M\000o\000d\000u\000l\000e\000\040\000I\000n\000d\000e\000x}{}% 58
